2022-03-25 16:24:29,062 INFO 61652 [egg:logger] init all loggers with options: {"dir":"/Users/xiezhengyun/Documents/work/my-project/egg-example/logs/egg-demo","encoding":"utf8","env":"local","level":"INFO","consoleLevel":"INFO","disableConsoleAfterReady":false,"outputJSON":false,"buffer":true,"appLogName":"egg-demo-web.log","coreLogName":"egg-web.log","agentLogName":"egg-agent.log","errorLogName":"common-error.log","coreLogger":{"consoleLevel":"WARN"},"allowDebugAtProd":false,"enablePerformanceTimer":false,"type":"application"}
2022-03-25 16:24:29,090 INFO 61652 [egg-multipart] stream mode enable
2022-03-25 16:24:29,216 INFO 61652 [egg-static] starting static serve /public/ -> /Users/xiezhengyun/Documents/work/my-project/egg-example/app/public
2022-03-25 16:24:29,219 INFO 61652 [egg-security] use csrf middleware
2022-03-25 16:24:29,220 INFO 61652 [egg-security] use methodnoallow middleware
2022-03-25 16:24:29,221 INFO 61652 [egg-security] use noopen middleware
2022-03-25 16:24:29,222 INFO 61652 [egg-security] use nosniff middleware
2022-03-25 16:24:29,223 INFO 61652 [egg-security] use xssProtection middleware
2022-03-25 16:24:29,224 INFO 61652 [egg-security] use xframe middleware
2022-03-25 16:24:29,225 INFO 61652 [egg-security] use dta middleware
2022-03-25 16:24:29,225 INFO 61652 [egg-security] compose 7 middlewares into one security middleware
2022-03-25 16:24:29,236 INFO 61652 [egg:core] dump config after load, 6ms
2022-03-25 16:24:29,252 INFO 61652 [egg-watcher:application] watcher start success
2022-03-25 16:24:29,260 INFO 61652 [egg:core] dump config after ready, 5ms
2022-03-25 16:27:32,526 INFO 61937 [egg:logger] init all loggers with options: {"dir":"/Users/xiezhengyun/Documents/work/my-project/egg-example/logs/egg-demo","encoding":"utf8","env":"local","level":"INFO","consoleLevel":"INFO","disableConsoleAfterReady":false,"outputJSON":false,"buffer":true,"appLogName":"egg-demo-web.log","coreLogName":"egg-web.log","agentLogName":"egg-agent.log","errorLogName":"common-error.log","coreLogger":{"consoleLevel":"WARN"},"allowDebugAtProd":false,"enablePerformanceTimer":false,"type":"application"}
2022-03-25 16:27:32,555 INFO 61937 [egg-multipart] stream mode enable
2022-03-25 16:27:32,696 INFO 61937 [egg-static] starting static serve /public/ -> /Users/xiezhengyun/Documents/work/my-project/egg-example/app/public
2022-03-25 16:27:32,700 INFO 61937 [egg-security] use csrf middleware
2022-03-25 16:27:32,701 INFO 61937 [egg-security] use methodnoallow middleware
2022-03-25 16:27:32,703 INFO 61937 [egg-security] use noopen middleware
2022-03-25 16:27:32,704 INFO 61937 [egg-security] use nosniff middleware
2022-03-25 16:27:32,705 INFO 61937 [egg-security] use xssProtection middleware
2022-03-25 16:27:32,706 INFO 61937 [egg-security] use xframe middleware
2022-03-25 16:27:32,707 INFO 61937 [egg-security] use dta middleware
2022-03-25 16:27:32,707 INFO 61937 [egg-security] compose 7 middlewares into one security middleware
2022-03-25 16:27:32,714 INFO 61937 [egg:core] dump config after load, 4ms
2022-03-25 16:27:32,725 INFO 61937 [egg-watcher:application] watcher start success
2022-03-25 16:27:32,732 INFO 61937 [egg:core] dump config after ready, 6ms
2022-03-25 16:27:45,594 INFO 61949 [egg:logger] init all loggers with options: {"dir":"/Users/xiezhengyun/Documents/work/my-project/egg-example/logs/egg-demo","encoding":"utf8","env":"local","level":"INFO","consoleLevel":"INFO","disableConsoleAfterReady":false,"outputJSON":false,"buffer":true,"appLogName":"egg-demo-web.log","coreLogName":"egg-web.log","agentLogName":"egg-agent.log","errorLogName":"common-error.log","coreLogger":{"consoleLevel":"WARN"},"allowDebugAtProd":false,"enablePerformanceTimer":false,"type":"application"}
2022-03-25 16:27:45,621 INFO 61949 [egg-multipart] stream mode enable
2022-03-25 16:27:45,726 INFO 61949 [egg-static] starting static serve /public/ -> /Users/xiezhengyun/Documents/work/my-project/egg-example/app/public
2022-03-25 16:27:45,730 INFO 61949 [egg-security] use csrf middleware
2022-03-25 16:27:45,731 INFO 61949 [egg-security] use methodnoallow middleware
2022-03-25 16:27:45,732 INFO 61949 [egg-security] use noopen middleware
2022-03-25 16:27:45,733 INFO 61949 [egg-security] use nosniff middleware
2022-03-25 16:27:45,734 INFO 61949 [egg-security] use xssProtection middleware
2022-03-25 16:27:45,735 INFO 61949 [egg-security] use xframe middleware
2022-03-25 16:27:45,736 INFO 61949 [egg-security] use dta middleware
2022-03-25 16:27:45,736 INFO 61949 [egg-security] compose 7 middlewares into one security middleware
2022-03-25 16:27:45,745 INFO 61949 [egg:core] dump config after load, 5ms
2022-03-25 16:27:45,756 INFO 61949 [egg-watcher:application] watcher start success
2022-03-25 16:27:45,761 INFO 61949 [egg:core] dump config after ready, 3ms
2022-03-25 16:27:59,243 INFO 61974 [egg:logger] init all loggers with options: {"dir":"/Users/xiezhengyun/Documents/work/my-project/egg-example/logs/egg-demo","encoding":"utf8","env":"local","level":"INFO","consoleLevel":"INFO","disableConsoleAfterReady":false,"outputJSON":false,"buffer":true,"appLogName":"egg-demo-web.log","coreLogName":"egg-web.log","agentLogName":"egg-agent.log","errorLogName":"common-error.log","coreLogger":{"consoleLevel":"WARN"},"allowDebugAtProd":false,"enablePerformanceTimer":false,"type":"application"}
2022-03-25 16:27:59,272 INFO 61974 [egg-multipart] stream mode enable
2022-03-25 16:27:59,348 INFO 61974 [egg-static] starting static serve /public/ -> /Users/xiezhengyun/Documents/work/my-project/egg-example/app/public
2022-03-25 16:27:59,352 INFO 61974 [egg-security] use csrf middleware
2022-03-25 16:27:59,353 INFO 61974 [egg-security] use methodnoallow middleware
2022-03-25 16:27:59,353 INFO 61974 [egg-security] use noopen middleware
2022-03-25 16:27:59,354 INFO 61974 [egg-security] use nosniff middleware
2022-03-25 16:27:59,354 INFO 61974 [egg-security] use xssProtection middleware
2022-03-25 16:27:59,355 INFO 61974 [egg-security] use xframe middleware
2022-03-25 16:27:59,356 INFO 61974 [egg-security] use dta middleware
2022-03-25 16:27:59,356 INFO 61974 [egg-security] compose 7 middlewares into one security middleware
2022-03-25 16:27:59,362 INFO 61974 [egg:core] dump config after load, 3ms
2022-03-25 16:27:59,373 INFO 61974 [egg-watcher:application] watcher start success
2022-03-25 16:27:59,379 INFO 61974 [egg:core] dump config after ready, 5ms
2022-03-25 16:29:43,747 INFO 62234 [egg:logger] init all loggers with options: {"dir":"/Users/xiezhengyun/Documents/work/my-project/egg-example/logs/egg-demo","encoding":"utf8","env":"local","level":"INFO","consoleLevel":"INFO","disableConsoleAfterReady":false,"outputJSON":false,"buffer":true,"appLogName":"egg-demo-web.log","coreLogName":"egg-web.log","agentLogName":"egg-agent.log","errorLogName":"common-error.log","coreLogger":{"consoleLevel":"WARN"},"allowDebugAtProd":false,"enablePerformanceTimer":false,"type":"application"}
2022-03-25 16:29:43,772 INFO 62234 [egg-multipart] stream mode enable
2022-03-25 16:29:43,918 INFO 62234 [egg-static] starting static serve /public/ -> /Users/xiezhengyun/Documents/work/my-project/egg-example/app/public
2022-03-25 16:29:43,922 INFO 62234 [egg-security] use csrf middleware
2022-03-25 16:29:43,923 INFO 62234 [egg-security] use methodnoallow middleware
2022-03-25 16:29:43,924 INFO 62234 [egg-security] use noopen middleware
2022-03-25 16:29:43,926 INFO 62234 [egg-security] use nosniff middleware
2022-03-25 16:29:43,927 INFO 62234 [egg-security] use xssProtection middleware
2022-03-25 16:29:43,928 INFO 62234 [egg-security] use xframe middleware
2022-03-25 16:29:43,929 INFO 62234 [egg-security] use dta middleware
2022-03-25 16:29:43,930 INFO 62234 [egg-security] compose 7 middlewares into one security middleware
2022-03-25 16:29:43,942 INFO 62234 [egg:core] dump config after load, 6ms
2022-03-25 16:29:43,955 INFO 62234 [egg-watcher:application] watcher start success
2022-03-25 16:29:43,961 INFO 62234 [egg:core] dump config after ready, 4ms
2022-03-25 16:32:31,999 INFO 62525 [egg:logger] init all loggers with options: {"dir":"/Users/xiezhengyun/Documents/work/my-project/egg-example/logs/egg-demo","encoding":"utf8","env":"local","level":"INFO","consoleLevel":"INFO","disableConsoleAfterReady":false,"outputJSON":false,"buffer":true,"appLogName":"egg-demo-web.log","coreLogName":"egg-web.log","agentLogName":"egg-agent.log","errorLogName":"common-error.log","coreLogger":{"consoleLevel":"WARN"},"allowDebugAtProd":false,"enablePerformanceTimer":false,"type":"application"}
2022-03-25 16:32:32,028 INFO 62525 [egg-multipart] stream mode enable
2022-03-25 16:32:32,152 INFO 62525 [egg-static] starting static serve /public/ -> /Users/xiezhengyun/Documents/work/my-project/egg-example/app/public
2022-03-25 16:32:32,155 INFO 62525 [egg-security] use csrf middleware
2022-03-25 16:32:32,156 INFO 62525 [egg-security] use methodnoallow middleware
2022-03-25 16:32:32,157 INFO 62525 [egg-security] use noopen middleware
2022-03-25 16:32:32,158 INFO 62525 [egg-security] use nosniff middleware
2022-03-25 16:32:32,159 INFO 62525 [egg-security] use xssProtection middleware
2022-03-25 16:32:32,160 INFO 62525 [egg-security] use xframe middleware
2022-03-25 16:32:32,161 INFO 62525 [egg-security] use dta middleware
2022-03-25 16:32:32,161 INFO 62525 [egg-security] compose 7 middlewares into one security middleware
2022-03-25 16:32:32,168 INFO 62525 [egg:core] dump config after load, 3ms
2022-03-25 16:32:32,177 INFO 62525 [egg-watcher:application] watcher start success
2022-03-25 16:32:32,183 INFO 62525 [egg:core] dump config after ready, 4ms
2022-03-25 16:32:47,867 INFO 62551 [egg:logger] init all loggers with options: {"dir":"/Users/xiezhengyun/Documents/work/my-project/egg-example/logs/egg-demo","encoding":"utf8","env":"local","level":"INFO","consoleLevel":"INFO","disableConsoleAfterReady":false,"outputJSON":false,"buffer":true,"appLogName":"egg-demo-web.log","coreLogName":"egg-web.log","agentLogName":"egg-agent.log","errorLogName":"common-error.log","coreLogger":{"consoleLevel":"WARN"},"allowDebugAtProd":false,"enablePerformanceTimer":false,"type":"application"}
2022-03-25 16:32:47,905 INFO 62551 [egg-multipart] stream mode enable
2022-03-25 16:32:48,024 INFO 62551 [egg-static] starting static serve /public/ -> /Users/xiezhengyun/Documents/work/my-project/egg-example/app/public
2022-03-25 16:32:48,026 INFO 62551 [egg-security] use methodnoallow middleware
2022-03-25 16:32:48,027 INFO 62551 [egg-security] use noopen middleware
2022-03-25 16:32:48,028 INFO 62551 [egg-security] use nosniff middleware
2022-03-25 16:32:48,029 INFO 62551 [egg-security] use xssProtection middleware
2022-03-25 16:32:48,030 INFO 62551 [egg-security] use xframe middleware
2022-03-25 16:32:48,031 INFO 62551 [egg-security] use dta middleware
2022-03-25 16:32:48,031 INFO 62551 [egg-security] compose 6 middlewares into one security middleware
2022-03-25 16:32:48,043 INFO 62551 [egg:core] dump config after load, 5ms
2022-03-25 16:32:48,064 INFO 62551 [egg:core] dump config after ready, 6ms
2022-03-25 16:32:48,068 INFO 62551 [egg-watcher:application] watcher start success
2022-03-25 16:32:59,313 INFO 62605 [egg:logger] init all loggers with options: {"dir":"/Users/xiezhengyun/Documents/work/my-project/egg-example/logs/egg-demo","encoding":"utf8","env":"local","level":"INFO","consoleLevel":"INFO","disableConsoleAfterReady":false,"outputJSON":false,"buffer":true,"appLogName":"egg-demo-web.log","coreLogName":"egg-web.log","agentLogName":"egg-agent.log","errorLogName":"common-error.log","coreLogger":{"consoleLevel":"WARN"},"allowDebugAtProd":false,"enablePerformanceTimer":false,"type":"application"}
2022-03-25 16:32:59,335 INFO 62605 [egg-multipart] stream mode enable
2022-03-25 16:32:59,415 INFO 62605 [egg-static] starting static serve /public/ -> /Users/xiezhengyun/Documents/work/my-project/egg-example/app/public
2022-03-25 16:32:59,417 INFO 62605 [egg-security] use methodnoallow middleware
2022-03-25 16:32:59,417 INFO 62605 [egg-security] use noopen middleware
2022-03-25 16:32:59,418 INFO 62605 [egg-security] use nosniff middleware
2022-03-25 16:32:59,418 INFO 62605 [egg-security] use xssProtection middleware
2022-03-25 16:32:59,418 INFO 62605 [egg-security] use xframe middleware
2022-03-25 16:32:59,419 INFO 62605 [egg-security] use dta middleware
2022-03-25 16:32:59,419 INFO 62605 [egg-security] compose 6 middlewares into one security middleware
2022-03-25 16:32:59,425 INFO 62605 [egg:core] dump config after load, 3ms
2022-03-25 16:32:59,448 INFO 62605 [egg:core] dump config after ready, 7ms
2022-03-25 16:32:59,457 INFO 62605 [egg-watcher:application] watcher start success
2022-03-25 17:31:55,799 INFO 64601 [egg:logger] init all loggers with options: {"dir":"/Users/xiezhengyun/Documents/work/my-project/egg-example/logs/egg-demo","encoding":"utf8","env":"local","level":"INFO","consoleLevel":"INFO","disableConsoleAfterReady":false,"outputJSON":false,"buffer":true,"appLogName":"egg-demo-web.log","coreLogName":"egg-web.log","agentLogName":"egg-agent.log","errorLogName":"common-error.log","coreLogger":{"consoleLevel":"WARN"},"allowDebugAtProd":false,"enablePerformanceTimer":false,"type":"application"}
2022-03-25 17:31:55,817 INFO 64601 [egg-multipart] stream mode enable
2022-03-25 17:31:55,924 INFO 64601 [egg-static] starting static serve /public/ -> /Users/xiezhengyun/Documents/work/my-project/egg-example/app/public
2022-03-25 17:31:55,927 INFO 64601 [egg-security] use csrf middleware
2022-03-25 17:31:55,928 INFO 64601 [egg-security] use methodnoallow middleware
2022-03-25 17:31:55,930 INFO 64601 [egg-security] use noopen middleware
2022-03-25 17:31:55,931 INFO 64601 [egg-security] use nosniff middleware
2022-03-25 17:31:55,932 INFO 64601 [egg-security] use xssProtection middleware
2022-03-25 17:31:55,933 INFO 64601 [egg-security] use xframe middleware
2022-03-25 17:31:55,934 INFO 64601 [egg-security] use dta middleware
2022-03-25 17:31:55,934 INFO 64601 [egg-security] compose 7 middlewares into one security middleware
2022-03-25 17:31:55,941 INFO 64601 [egg:core] dump config after load, 4ms
2022-03-25 17:31:55,954 INFO 64601 [egg-watcher:application] watcher start success
2022-03-25 17:31:55,960 INFO 64601 [egg:core] dump config after ready, 5ms
2022-03-25 17:32:47,002 INFO 64608 [egg:logger] init all loggers with options: {"dir":"/Users/xiezhengyun/Documents/work/my-project/egg-example/logs/egg-demo","encoding":"utf8","env":"local","level":"INFO","consoleLevel":"INFO","disableConsoleAfterReady":false,"outputJSON":false,"buffer":true,"appLogName":"egg-demo-web.log","coreLogName":"egg-web.log","agentLogName":"egg-agent.log","errorLogName":"common-error.log","coreLogger":{"consoleLevel":"WARN"},"allowDebugAtProd":false,"enablePerformanceTimer":false,"type":"application"}
2022-03-25 17:32:47,020 INFO 64608 [egg-multipart] stream mode enable
2022-03-25 17:32:47,075 INFO 64608 [egg-static] starting static serve /public/ -> /Users/xiezhengyun/Documents/work/my-project/egg-example/app/public
2022-03-25 17:32:47,077 INFO 64608 [egg-security] use csrf middleware
2022-03-25 17:32:47,078 INFO 64608 [egg-security] use methodnoallow middleware
2022-03-25 17:32:47,078 INFO 64608 [egg-security] use noopen middleware
2022-03-25 17:32:47,079 INFO 64608 [egg-security] use nosniff middleware
2022-03-25 17:32:47,079 INFO 64608 [egg-security] use xssProtection middleware
2022-03-25 17:32:47,079 INFO 64608 [egg-security] use xframe middleware
2022-03-25 17:32:47,080 INFO 64608 [egg-security] use dta middleware
2022-03-25 17:32:47,080 INFO 64608 [egg-security] compose 7 middlewares into one security middleware
2022-03-25 17:32:47,086 INFO 64608 [egg:core] dump config after load, 3ms
2022-03-25 17:32:47,096 INFO 64608 [egg-watcher:application] watcher start success
2022-03-25 17:32:47,103 INFO 64608 [egg:core] dump config after ready, 5ms
2022-03-25 17:35:31,287 INFO 64618 [egg:logger] init all loggers with options: {"dir":"/Users/xiezhengyun/Documents/work/my-project/egg-example/logs/egg-demo","encoding":"utf8","env":"local","level":"INFO","consoleLevel":"INFO","disableConsoleAfterReady":false,"outputJSON":false,"buffer":true,"appLogName":"egg-demo-web.log","coreLogName":"egg-web.log","agentLogName":"egg-agent.log","errorLogName":"common-error.log","coreLogger":{"consoleLevel":"WARN"},"allowDebugAtProd":false,"enablePerformanceTimer":false,"type":"application"}
2022-03-25 17:35:31,320 INFO 64618 [egg-multipart] stream mode enable
2022-03-25 17:35:31,451 INFO 64618 [egg-static] starting static serve /public/ -> /Users/xiezhengyun/Documents/work/my-project/egg-example/app/public
2022-03-25 17:35:31,454 INFO 64618 [egg-security] use csrf middleware
2022-03-25 17:35:31,456 INFO 64618 [egg-security] use methodnoallow middleware
2022-03-25 17:35:31,457 INFO 64618 [egg-security] use noopen middleware
2022-03-25 17:35:31,458 INFO 64618 [egg-security] use nosniff middleware
2022-03-25 17:35:31,459 INFO 64618 [egg-security] use xssProtection middleware
2022-03-25 17:35:31,460 INFO 64618 [egg-security] use xframe middleware
2022-03-25 17:35:31,461 INFO 64618 [egg-security] use dta middleware
2022-03-25 17:35:31,461 INFO 64618 [egg-security] compose 7 middlewares into one security middleware
2022-03-25 17:35:31,471 INFO 64618 [egg:core] dump config after load, 4ms
2022-03-25 17:35:31,481 INFO 64618 [egg-watcher:application] watcher start success
2022-03-25 17:35:31,487 INFO 64618 [egg:core] dump config after ready, 4ms
2022-03-25 17:37:50,747 INFO 64641 [egg:logger] init all loggers with options: {"dir":"/Users/xiezhengyun/Documents/work/my-project/egg-example/logs/egg-demo","encoding":"utf8","env":"local","level":"INFO","consoleLevel":"INFO","disableConsoleAfterReady":false,"outputJSON":false,"buffer":true,"appLogName":"egg-demo-web.log","coreLogName":"egg-web.log","agentLogName":"egg-agent.log","errorLogName":"common-error.log","coreLogger":{"consoleLevel":"WARN"},"allowDebugAtProd":false,"enablePerformanceTimer":false,"type":"application"}
2022-03-25 17:37:50,770 INFO 64641 [egg-multipart] stream mode enable
2022-03-25 17:37:50,895 INFO 64641 [egg-static] starting static serve /public/ -> /Users/xiezhengyun/Documents/work/my-project/egg-example/app/public
2022-03-25 17:37:50,898 INFO 64641 [egg-security] use csrf middleware
2022-03-25 17:37:50,899 INFO 64641 [egg-security] use methodnoallow middleware
2022-03-25 17:37:50,901 INFO 64641 [egg-security] use noopen middleware
2022-03-25 17:37:50,902 INFO 64641 [egg-security] use nosniff middleware
2022-03-25 17:37:50,903 INFO 64641 [egg-security] use xssProtection middleware
2022-03-25 17:37:50,904 INFO 64641 [egg-security] use xframe middleware
2022-03-25 17:37:50,904 INFO 64641 [egg-security] use dta middleware
2022-03-25 17:37:50,904 INFO 64641 [egg-security] compose 7 middlewares into one security middleware
2022-03-25 17:37:50,911 INFO 64641 [egg:core] dump config after load, 3ms
2022-03-25 17:37:50,920 INFO 64641 [egg-watcher:application] watcher start success
2022-03-25 17:37:50,926 INFO 64641 [egg:core] dump config after ready, 4ms
2022-03-25 17:38:17,836 INFO 64649 [egg:logger] init all loggers with options: {"dir":"/Users/xiezhengyun/Documents/work/my-project/egg-example/logs/egg-demo","encoding":"utf8","env":"local","level":"INFO","consoleLevel":"INFO","disableConsoleAfterReady":false,"outputJSON":false,"buffer":true,"appLogName":"egg-demo-web.log","coreLogName":"egg-web.log","agentLogName":"egg-agent.log","errorLogName":"common-error.log","coreLogger":{"consoleLevel":"WARN"},"allowDebugAtProd":false,"enablePerformanceTimer":false,"type":"application"}
2022-03-25 17:38:17,861 INFO 64649 [egg-multipart] stream mode enable
2022-03-25 17:38:17,932 INFO 64649 [egg-static] starting static serve /public/ -> /Users/xiezhengyun/Documents/work/my-project/egg-example/app/public
2022-03-25 17:38:17,935 INFO 64649 [egg-security] use csrf middleware
2022-03-25 17:38:17,936 INFO 64649 [egg-security] use methodnoallow middleware
2022-03-25 17:38:17,936 INFO 64649 [egg-security] use noopen middleware
2022-03-25 17:38:17,937 INFO 64649 [egg-security] use nosniff middleware
2022-03-25 17:38:17,937 INFO 64649 [egg-security] use xssProtection middleware
2022-03-25 17:38:17,938 INFO 64649 [egg-security] use xframe middleware
2022-03-25 17:38:17,938 INFO 64649 [egg-security] use dta middleware
2022-03-25 17:38:17,938 INFO 64649 [egg-security] compose 7 middlewares into one security middleware
2022-03-25 17:38:17,948 INFO 64649 [egg:core] dump config after load, 7ms
2022-03-25 17:38:17,959 INFO 64649 [egg-watcher:application] watcher start success
2022-03-25 17:38:17,966 INFO 64649 [egg:core] dump config after ready, 5ms
2022-03-25 17:39:29,366 INFO 64662 [egg:logger] init all loggers with options: {"dir":"/Users/xiezhengyun/Documents/work/my-project/egg-example/logs/egg-demo","encoding":"utf8","env":"local","level":"INFO","consoleLevel":"INFO","disableConsoleAfterReady":false,"outputJSON":false,"buffer":true,"appLogName":"egg-demo-web.log","coreLogName":"egg-web.log","agentLogName":"egg-agent.log","errorLogName":"common-error.log","coreLogger":{"consoleLevel":"WARN"},"allowDebugAtProd":false,"enablePerformanceTimer":false,"type":"application"}
2022-03-25 17:39:29,389 INFO 64662 [egg-multipart] stream mode enable
2022-03-25 17:39:29,455 INFO 64662 [egg-static] starting static serve /public/ -> /Users/xiezhengyun/Documents/work/my-project/egg-example/app/public
2022-03-25 17:39:29,458 INFO 64662 [egg-security] use csrf middleware
2022-03-25 17:39:29,459 INFO 64662 [egg-security] use methodnoallow middleware
2022-03-25 17:39:29,460 INFO 64662 [egg-security] use noopen middleware
2022-03-25 17:39:29,461 INFO 64662 [egg-security] use nosniff middleware
2022-03-25 17:39:29,462 INFO 64662 [egg-security] use xssProtection middleware
2022-03-25 17:39:29,462 INFO 64662 [egg-security] use xframe middleware
2022-03-25 17:39:29,463 INFO 64662 [egg-security] use dta middleware
2022-03-25 17:39:29,464 INFO 64662 [egg-security] compose 7 middlewares into one security middleware
2022-03-25 17:39:29,475 INFO 64662 [egg:core] dump config after load, 6ms
2022-03-25 17:39:29,487 INFO 64662 [egg-watcher:application] watcher start success
2022-03-25 17:39:29,494 INFO 64662 [egg:core] dump config after ready, 5ms
2022-03-25 17:40:34,115 INFO 64673 [egg:logger] init all loggers with options: {"dir":"/Users/xiezhengyun/Documents/work/my-project/egg-example/logs/egg-demo","encoding":"utf8","env":"local","level":"INFO","consoleLevel":"INFO","disableConsoleAfterReady":false,"outputJSON":false,"buffer":true,"appLogName":"egg-demo-web.log","coreLogName":"egg-web.log","agentLogName":"egg-agent.log","errorLogName":"common-error.log","coreLogger":{"consoleLevel":"WARN"},"allowDebugAtProd":false,"enablePerformanceTimer":false,"type":"application"}
2022-03-25 17:40:34,136 INFO 64673 [egg-multipart] stream mode enable
2022-03-25 17:40:34,200 INFO 64673 [egg-static] starting static serve /public/ -> /Users/xiezhengyun/Documents/work/my-project/egg-example/app/public
2022-03-25 17:40:34,203 INFO 64673 [egg-security] use csrf middleware
2022-03-25 17:40:34,203 INFO 64673 [egg-security] use methodnoallow middleware
2022-03-25 17:40:34,204 INFO 64673 [egg-security] use noopen middleware
2022-03-25 17:40:34,204 INFO 64673 [egg-security] use nosniff middleware
2022-03-25 17:40:34,204 INFO 64673 [egg-security] use xssProtection middleware
2022-03-25 17:40:34,205 INFO 64673 [egg-security] use xframe middleware
2022-03-25 17:40:34,205 INFO 64673 [egg-security] use dta middleware
2022-03-25 17:40:34,205 INFO 64673 [egg-security] compose 7 middlewares into one security middleware
2022-03-25 17:40:34,214 INFO 64673 [egg:core] dump config after load, 3ms
2022-03-25 17:40:34,225 INFO 64673 [egg-watcher:application] watcher start success
2022-03-25 17:40:34,231 INFO 64673 [egg:core] dump config after ready, 4ms
2022-03-25 17:41:20,758 INFO 64683 [egg:logger] init all loggers with options: {"dir":"/Users/xiezhengyun/Documents/work/my-project/egg-example/logs/egg-demo","encoding":"utf8","env":"local","level":"INFO","consoleLevel":"INFO","disableConsoleAfterReady":false,"outputJSON":false,"buffer":true,"appLogName":"egg-demo-web.log","coreLogName":"egg-web.log","agentLogName":"egg-agent.log","errorLogName":"common-error.log","coreLogger":{"consoleLevel":"WARN"},"allowDebugAtProd":false,"enablePerformanceTimer":false,"type":"application"}
2022-03-25 17:41:20,778 INFO 64683 [egg-multipart] stream mode enable
2022-03-25 17:41:20,840 INFO 64683 [egg-static] starting static serve /public/ -> /Users/xiezhengyun/Documents/work/my-project/egg-example/app/public
2022-03-25 17:41:20,844 INFO 64683 [egg-security] use csrf middleware
2022-03-25 17:41:20,844 INFO 64683 [egg-security] use methodnoallow middleware
2022-03-25 17:41:20,845 INFO 64683 [egg-security] use noopen middleware
2022-03-25 17:41:20,845 INFO 64683 [egg-security] use nosniff middleware
2022-03-25 17:41:20,845 INFO 64683 [egg-security] use xssProtection middleware
2022-03-25 17:41:20,846 INFO 64683 [egg-security] use xframe middleware
2022-03-25 17:41:20,846 INFO 64683 [egg-security] use dta middleware
2022-03-25 17:41:20,846 INFO 64683 [egg-security] compose 7 middlewares into one security middleware
2022-03-25 17:41:20,854 INFO 64683 [egg:core] dump config after load, 4ms
2022-03-25 17:41:20,865 INFO 64683 [egg-watcher:application] watcher start success
2022-03-25 17:41:20,872 INFO 64683 [egg:core] dump config after ready, 4ms
2022-03-25 17:42:30,045 INFO 64693 [egg:logger] init all loggers with options: {"dir":"/Users/xiezhengyun/Documents/work/my-project/egg-example/logs/egg-demo","encoding":"utf8","env":"local","level":"INFO","consoleLevel":"INFO","disableConsoleAfterReady":false,"outputJSON":false,"buffer":true,"appLogName":"egg-demo-web.log","coreLogName":"egg-web.log","agentLogName":"egg-agent.log","errorLogName":"common-error.log","coreLogger":{"consoleLevel":"WARN"},"allowDebugAtProd":false,"enablePerformanceTimer":false,"type":"application"}
2022-03-25 17:42:30,067 INFO 64693 [egg-multipart] stream mode enable
2022-03-25 17:42:30,133 INFO 64693 [egg-static] starting static serve /public/ -> /Users/xiezhengyun/Documents/work/my-project/egg-example/app/public
2022-03-25 17:42:30,136 INFO 64693 [egg-security] use csrf middleware
2022-03-25 17:42:30,137 INFO 64693 [egg-security] use methodnoallow middleware
2022-03-25 17:42:30,137 INFO 64693 [egg-security] use noopen middleware
2022-03-25 17:42:30,138 INFO 64693 [egg-security] use nosniff middleware
2022-03-25 17:42:30,138 INFO 64693 [egg-security] use xssProtection middleware
2022-03-25 17:42:30,139 INFO 64693 [egg-security] use xframe middleware
2022-03-25 17:42:30,140 INFO 64693 [egg-security] use dta middleware
2022-03-25 17:42:30,140 INFO 64693 [egg-security] compose 7 middlewares into one security middleware
2022-03-25 17:42:30,148 INFO 64693 [egg:core] dump config after load, 5ms
2022-03-25 17:42:30,159 INFO 64693 [egg-watcher:application] watcher start success
2022-03-25 17:42:30,165 INFO 64693 [egg:core] dump config after ready, 4ms
2022-03-25 17:42:51,856 INFO 64700 [egg:logger] init all loggers with options: {"dir":"/Users/xiezhengyun/Documents/work/my-project/egg-example/logs/egg-demo","encoding":"utf8","env":"local","level":"INFO","consoleLevel":"INFO","disableConsoleAfterReady":false,"outputJSON":false,"buffer":true,"appLogName":"egg-demo-web.log","coreLogName":"egg-web.log","agentLogName":"egg-agent.log","errorLogName":"common-error.log","coreLogger":{"consoleLevel":"WARN"},"allowDebugAtProd":false,"enablePerformanceTimer":false,"type":"application"}
2022-03-25 17:42:51,882 INFO 64700 [egg-multipart] stream mode enable
2022-03-25 17:42:51,950 INFO 64700 [egg-static] starting static serve /public/ -> /Users/xiezhengyun/Documents/work/my-project/egg-example/app/public
2022-03-25 17:42:51,952 INFO 64700 [egg-security] use csrf middleware
2022-03-25 17:42:51,953 INFO 64700 [egg-security] use methodnoallow middleware
2022-03-25 17:42:51,953 INFO 64700 [egg-security] use noopen middleware
2022-03-25 17:42:51,954 INFO 64700 [egg-security] use nosniff middleware
2022-03-25 17:42:51,954 INFO 64700 [egg-security] use xssProtection middleware
2022-03-25 17:42:51,954 INFO 64700 [egg-security] use xframe middleware
2022-03-25 17:42:51,955 INFO 64700 [egg-security] use dta middleware
2022-03-25 17:42:51,955 INFO 64700 [egg-security] compose 7 middlewares into one security middleware
2022-03-25 17:42:51,962 INFO 64700 [egg:core] dump config after load, 3ms
2022-03-25 17:42:51,976 INFO 64700 [egg-watcher:application] watcher start success
2022-03-25 17:42:51,982 INFO 64700 [egg:core] dump config after ready, 5ms
2022-03-25 17:43:49,630 INFO 64734 [egg:logger] init all loggers with options: {"dir":"/Users/xiezhengyun/Documents/work/my-project/egg-example/logs/egg-demo","encoding":"utf8","env":"local","level":"INFO","consoleLevel":"INFO","disableConsoleAfterReady":false,"outputJSON":false,"buffer":true,"appLogName":"egg-demo-web.log","coreLogName":"egg-web.log","agentLogName":"egg-agent.log","errorLogName":"common-error.log","coreLogger":{"consoleLevel":"WARN"},"allowDebugAtProd":false,"enablePerformanceTimer":false,"type":"application"}
2022-03-25 17:43:49,663 INFO 64734 [egg-multipart] stream mode enable
2022-03-25 17:43:49,752 INFO 64734 [egg-static] starting static serve /public/ -> /Users/xiezhengyun/Documents/work/my-project/egg-example/app/public
2022-03-25 17:43:49,756 INFO 64734 [egg-security] use csrf middleware
2022-03-25 17:43:49,757 INFO 64734 [egg-security] use methodnoallow middleware
2022-03-25 17:43:49,758 INFO 64734 [egg-security] use noopen middleware
2022-03-25 17:43:49,758 INFO 64734 [egg-security] use nosniff middleware
2022-03-25 17:43:49,759 INFO 64734 [egg-security] use xssProtection middleware
2022-03-25 17:43:49,760 INFO 64734 [egg-security] use xframe middleware
2022-03-25 17:43:49,760 INFO 64734 [egg-security] use dta middleware
2022-03-25 17:43:49,760 INFO 64734 [egg-security] compose 7 middlewares into one security middleware
2022-03-25 17:43:49,769 INFO 64734 [egg:core] dump config after load, 5ms
2022-03-25 17:43:49,788 INFO 64734 [egg-watcher:application] watcher start success
2022-03-25 17:43:49,797 INFO 64734 [egg:core] dump config after ready, 6ms
2022-03-25 17:45:27,490 INFO 64741 [egg:logger] init all loggers with options: {"dir":"/Users/xiezhengyun/Documents/work/my-project/egg-example/logs/egg-demo","encoding":"utf8","env":"local","level":"INFO","consoleLevel":"INFO","disableConsoleAfterReady":false,"outputJSON":false,"buffer":true,"appLogName":"egg-demo-web.log","coreLogName":"egg-web.log","agentLogName":"egg-agent.log","errorLogName":"common-error.log","coreLogger":{"consoleLevel":"WARN"},"allowDebugAtProd":false,"enablePerformanceTimer":false,"type":"application"}
2022-03-25 17:45:27,513 INFO 64741 [egg-multipart] stream mode enable
2022-03-25 17:45:27,583 INFO 64741 [egg-static] starting static serve /public/ -> /Users/xiezhengyun/Documents/work/my-project/egg-example/app/public
2022-03-25 17:45:27,585 INFO 64741 [egg-security] use csrf middleware
2022-03-25 17:45:27,586 INFO 64741 [egg-security] use methodnoallow middleware
2022-03-25 17:45:27,586 INFO 64741 [egg-security] use noopen middleware
2022-03-25 17:45:27,587 INFO 64741 [egg-security] use nosniff middleware
2022-03-25 17:45:27,587 INFO 64741 [egg-security] use xssProtection middleware
2022-03-25 17:45:27,588 INFO 64741 [egg-security] use xframe middleware
2022-03-25 17:45:27,588 INFO 64741 [egg-security] use dta middleware
2022-03-25 17:45:27,588 INFO 64741 [egg-security] compose 7 middlewares into one security middleware
2022-03-25 17:45:27,596 INFO 64741 [egg:core] dump config after load, 3ms
2022-03-25 17:45:27,609 INFO 64741 [egg-watcher:application] watcher start success
2022-03-25 17:45:27,616 INFO 64741 [egg:core] dump config after ready, 5ms
2022-03-25 17:48:21,697 INFO 64784 [egg:logger] init all loggers with options: {"dir":"/Users/xiezhengyun/Documents/work/my-project/egg-example/logs/egg-demo","encoding":"utf8","env":"local","level":"INFO","consoleLevel":"INFO","disableConsoleAfterReady":false,"outputJSON":false,"buffer":true,"appLogName":"egg-demo-web.log","coreLogName":"egg-web.log","agentLogName":"egg-agent.log","errorLogName":"common-error.log","coreLogger":{"consoleLevel":"WARN"},"allowDebugAtProd":false,"enablePerformanceTimer":false,"type":"application"}
2022-03-25 17:48:21,731 INFO 64784 [egg-multipart] stream mode enable
2022-03-25 17:48:21,864 INFO 64784 [egg-static] starting static serve /public/ -> /Users/xiezhengyun/Documents/work/my-project/egg-example/app/public
2022-03-25 17:48:21,868 INFO 64784 [egg-security] use csrf middleware
2022-03-25 17:48:21,869 INFO 64784 [egg-security] use methodnoallow middleware
2022-03-25 17:48:21,870 INFO 64784 [egg-security] use noopen middleware
2022-03-25 17:48:21,871 INFO 64784 [egg-security] use nosniff middleware
2022-03-25 17:48:21,871 INFO 64784 [egg-security] use xssProtection middleware
2022-03-25 17:48:21,872 INFO 64784 [egg-security] use xframe middleware
2022-03-25 17:48:21,873 INFO 64784 [egg-security] use dta middleware
2022-03-25 17:48:21,873 INFO 64784 [egg-security] compose 7 middlewares into one security middleware
2022-03-25 17:48:21,881 INFO 64784 [egg:core] dump config after load, 4ms
2022-03-25 17:48:21,894 INFO 64784 [egg-watcher:application] watcher start success
2022-03-25 17:48:21,901 INFO 64784 [egg:core] dump config after ready, 6ms
2022-03-25 17:48:37,741 INFO 64793 [egg:logger] init all loggers with options: {"dir":"/Users/xiezhengyun/Documents/work/my-project/egg-example/logs/egg-demo","encoding":"utf8","env":"local","level":"INFO","consoleLevel":"INFO","disableConsoleAfterReady":false,"outputJSON":false,"buffer":true,"appLogName":"egg-demo-web.log","coreLogName":"egg-web.log","agentLogName":"egg-agent.log","errorLogName":"common-error.log","coreLogger":{"consoleLevel":"WARN"},"allowDebugAtProd":false,"enablePerformanceTimer":false,"type":"application"}
2022-03-25 17:48:37,765 INFO 64793 [egg-multipart] stream mode enable
2022-03-25 17:48:37,835 INFO 64793 [egg-static] starting static serve /public/ -> /Users/xiezhengyun/Documents/work/my-project/egg-example/app/public
2022-03-25 17:48:37,837 INFO 64793 [egg-security] use csrf middleware
2022-03-25 17:48:37,838 INFO 64793 [egg-security] use methodnoallow middleware
2022-03-25 17:48:37,838 INFO 64793 [egg-security] use noopen middleware
2022-03-25 17:48:37,839 INFO 64793 [egg-security] use nosniff middleware
2022-03-25 17:48:37,839 INFO 64793 [egg-security] use xssProtection middleware
2022-03-25 17:48:37,840 INFO 64793 [egg-security] use xframe middleware
2022-03-25 17:48:37,840 INFO 64793 [egg-security] use dta middleware
2022-03-25 17:48:37,841 INFO 64793 [egg-security] compose 7 middlewares into one security middleware
2022-03-25 17:48:37,848 INFO 64793 [egg:core] dump config after load, 4ms
2022-03-25 17:48:37,860 INFO 64793 [egg-watcher:application] watcher start success
2022-03-25 17:48:37,866 INFO 64793 [egg:core] dump config after ready, 5ms
2022-03-25 17:48:42,215 INFO 64796 [egg:logger] init all loggers with options: {"dir":"/Users/xiezhengyun/Documents/work/my-project/egg-example/logs/egg-demo","encoding":"utf8","env":"local","level":"INFO","consoleLevel":"INFO","disableConsoleAfterReady":false,"outputJSON":false,"buffer":true,"appLogName":"egg-demo-web.log","coreLogName":"egg-web.log","agentLogName":"egg-agent.log","errorLogName":"common-error.log","coreLogger":{"consoleLevel":"WARN"},"allowDebugAtProd":false,"enablePerformanceTimer":false,"type":"application"}
2022-03-25 17:48:42,232 INFO 64796 [egg-multipart] stream mode enable
2022-03-25 17:48:42,281 INFO 64796 [egg-static] starting static serve /public/ -> /Users/xiezhengyun/Documents/work/my-project/egg-example/app/public
2022-03-25 17:48:42,283 INFO 64796 [egg-security] use csrf middleware
2022-03-25 17:48:42,284 INFO 64796 [egg-security] use methodnoallow middleware
2022-03-25 17:48:42,284 INFO 64796 [egg-security] use noopen middleware
2022-03-25 17:48:42,285 INFO 64796 [egg-security] use nosniff middleware
2022-03-25 17:48:42,285 INFO 64796 [egg-security] use xssProtection middleware
2022-03-25 17:48:42,285 INFO 64796 [egg-security] use xframe middleware
2022-03-25 17:48:42,286 INFO 64796 [egg-security] use dta middleware
2022-03-25 17:48:42,286 INFO 64796 [egg-security] compose 7 middlewares into one security middleware
2022-03-25 17:48:42,293 INFO 64796 [egg:core] dump config after load, 4ms
2022-03-25 17:48:42,302 INFO 64796 [egg-watcher:application] watcher start success
2022-03-25 17:48:42,307 INFO 64796 [egg:core] dump config after ready, 3ms
2022-03-25 17:50:08,205 INFO 64806 [egg:logger] init all loggers with options: {"dir":"/Users/xiezhengyun/Documents/work/my-project/egg-example/logs/egg-demo","encoding":"utf8","env":"local","level":"INFO","consoleLevel":"INFO","disableConsoleAfterReady":false,"outputJSON":false,"buffer":true,"appLogName":"egg-demo-web.log","coreLogName":"egg-web.log","agentLogName":"egg-agent.log","errorLogName":"common-error.log","coreLogger":{"consoleLevel":"WARN"},"allowDebugAtProd":false,"enablePerformanceTimer":false,"type":"application"}
2022-03-25 17:50:08,228 INFO 64806 [egg-multipart] stream mode enable
2022-03-25 17:50:08,292 INFO 64806 [egg-static] starting static serve /public/ -> /Users/xiezhengyun/Documents/work/my-project/egg-example/app/public
2022-03-25 17:50:08,295 INFO 64806 [egg-security] use csrf middleware
2022-03-25 17:50:08,296 INFO 64806 [egg-security] use methodnoallow middleware
2022-03-25 17:50:08,297 INFO 64806 [egg-security] use noopen middleware
2022-03-25 17:50:08,297 INFO 64806 [egg-security] use nosniff middleware
2022-03-25 17:50:08,297 INFO 64806 [egg-security] use xssProtection middleware
2022-03-25 17:50:08,298 INFO 64806 [egg-security] use xframe middleware
2022-03-25 17:50:08,298 INFO 64806 [egg-security] use dta middleware
2022-03-25 17:50:08,298 INFO 64806 [egg-security] compose 7 middlewares into one security middleware
2022-03-25 17:50:08,306 INFO 64806 [egg:core] dump config after load, 4ms
2022-03-25 17:50:08,321 INFO 64806 [egg-watcher:application] watcher start success
2022-03-25 17:50:08,329 INFO 64806 [egg:core] dump config after ready, 5ms
2022-03-25 17:50:12,667 INFO 64812 [egg:logger] init all loggers with options: {"dir":"/Users/xiezhengyun/Documents/work/my-project/egg-example/logs/egg-demo","encoding":"utf8","env":"local","level":"INFO","consoleLevel":"INFO","disableConsoleAfterReady":false,"outputJSON":false,"buffer":true,"appLogName":"egg-demo-web.log","coreLogName":"egg-web.log","agentLogName":"egg-agent.log","errorLogName":"common-error.log","coreLogger":{"consoleLevel":"WARN"},"allowDebugAtProd":false,"enablePerformanceTimer":false,"type":"application"}
2022-03-25 17:50:12,695 INFO 64812 [egg-multipart] stream mode enable
2022-03-25 17:50:12,768 INFO 64812 [egg-static] starting static serve /public/ -> /Users/xiezhengyun/Documents/work/my-project/egg-example/app/public
2022-03-25 17:50:12,771 INFO 64812 [egg-security] use csrf middleware
2022-03-25 17:50:12,772 INFO 64812 [egg-security] use methodnoallow middleware
2022-03-25 17:50:12,773 INFO 64812 [egg-security] use noopen middleware
2022-03-25 17:50:12,773 INFO 64812 [egg-security] use nosniff middleware
2022-03-25 17:50:12,774 INFO 64812 [egg-security] use xssProtection middleware
2022-03-25 17:50:12,774 INFO 64812 [egg-security] use xframe middleware
2022-03-25 17:50:12,775 INFO 64812 [egg-security] use dta middleware
2022-03-25 17:50:12,775 INFO 64812 [egg-security] compose 7 middlewares into one security middleware
2022-03-25 17:50:12,784 INFO 64812 [egg:core] dump config after load, 4ms
2022-03-25 17:50:12,796 INFO 64812 [egg-watcher:application] watcher start success
2022-03-25 17:50:12,804 INFO 64812 [egg:core] dump config after ready, 6ms
2022-03-25 17:50:32,085 INFO 64819 [egg:logger] init all loggers with options: {"dir":"/Users/xiezhengyun/Documents/work/my-project/egg-example/logs/egg-demo","encoding":"utf8","env":"local","level":"INFO","consoleLevel":"INFO","disableConsoleAfterReady":false,"outputJSON":false,"buffer":true,"appLogName":"egg-demo-web.log","coreLogName":"egg-web.log","agentLogName":"egg-agent.log","errorLogName":"common-error.log","coreLogger":{"consoleLevel":"WARN"},"allowDebugAtProd":false,"enablePerformanceTimer":false,"type":"application"}
2022-03-25 17:50:32,113 INFO 64819 [egg-multipart] stream mode enable
2022-03-25 17:50:32,178 INFO 64819 [egg-static] starting static serve /public/ -> /Users/xiezhengyun/Documents/work/my-project/egg-example/app/public
2022-03-25 17:50:32,180 INFO 64819 [egg-security] use csrf middleware
2022-03-25 17:50:32,181 INFO 64819 [egg-security] use methodnoallow middleware
2022-03-25 17:50:32,182 INFO 64819 [egg-security] use noopen middleware
2022-03-25 17:50:32,183 INFO 64819 [egg-security] use nosniff middleware
2022-03-25 17:50:32,184 INFO 64819 [egg-security] use xssProtection middleware
2022-03-25 17:50:32,184 INFO 64819 [egg-security] use xframe middleware
2022-03-25 17:50:32,185 INFO 64819 [egg-security] use dta middleware
2022-03-25 17:50:32,185 INFO 64819 [egg-security] compose 7 middlewares into one security middleware
2022-03-25 17:50:32,191 INFO 64819 [egg:core] dump config after load, 3ms
2022-03-25 17:50:32,202 INFO 64819 [egg-watcher:application] watcher start success
2022-03-25 17:50:32,208 INFO 64819 [egg:core] dump config after ready, 5ms
2022-03-25 17:50:53,289 INFO 64829 [egg:logger] init all loggers with options: {"dir":"/Users/xiezhengyun/Documents/work/my-project/egg-example/logs/egg-demo","encoding":"utf8","env":"local","level":"INFO","consoleLevel":"INFO","disableConsoleAfterReady":false,"outputJSON":false,"buffer":true,"appLogName":"egg-demo-web.log","coreLogName":"egg-web.log","agentLogName":"egg-agent.log","errorLogName":"common-error.log","coreLogger":{"consoleLevel":"WARN"},"allowDebugAtProd":false,"enablePerformanceTimer":false,"type":"application"}
2022-03-25 17:50:53,317 INFO 64829 [egg-multipart] stream mode enable
2022-03-25 17:50:53,396 INFO 64829 [egg-static] starting static serve /public/ -> /Users/xiezhengyun/Documents/work/my-project/egg-example/app/public
2022-03-25 17:50:53,398 INFO 64829 [egg-security] use csrf middleware
2022-03-25 17:50:53,399 INFO 64829 [egg-security] use methodnoallow middleware
2022-03-25 17:50:53,400 INFO 64829 [egg-security] use noopen middleware
2022-03-25 17:50:53,401 INFO 64829 [egg-security] use nosniff middleware
2022-03-25 17:50:53,402 INFO 64829 [egg-security] use xssProtection middleware
2022-03-25 17:50:53,402 INFO 64829 [egg-security] use xframe middleware
2022-03-25 17:50:53,403 INFO 64829 [egg-security] use dta middleware
2022-03-25 17:50:53,403 INFO 64829 [egg-security] compose 7 middlewares into one security middleware
2022-03-25 17:50:53,412 INFO 64829 [egg:core] dump config after load, 5ms
2022-03-25 17:50:53,424 INFO 64829 [egg-watcher:application] watcher start success
2022-03-25 17:50:53,431 INFO 64829 [egg:core] dump config after ready, 5ms
2022-03-25 17:51:17,677 INFO 64834 [egg:logger] init all loggers with options: {"dir":"/Users/xiezhengyun/Documents/work/my-project/egg-example/logs/egg-demo","encoding":"utf8","env":"local","level":"INFO","consoleLevel":"INFO","disableConsoleAfterReady":false,"outputJSON":false,"buffer":true,"appLogName":"egg-demo-web.log","coreLogName":"egg-web.log","agentLogName":"egg-agent.log","errorLogName":"common-error.log","coreLogger":{"consoleLevel":"WARN"},"allowDebugAtProd":false,"enablePerformanceTimer":false,"type":"application"}
2022-03-25 17:51:17,702 INFO 64834 [egg-multipart] stream mode enable
2022-03-25 17:51:17,761 INFO 64834 [egg-static] starting static serve /public/ -> /Users/xiezhengyun/Documents/work/my-project/egg-example/app/public
2022-03-25 17:51:17,763 INFO 64834 [egg-security] use csrf middleware
2022-03-25 17:51:17,763 INFO 64834 [egg-security] use methodnoallow middleware
2022-03-25 17:51:17,764 INFO 64834 [egg-security] use noopen middleware
2022-03-25 17:51:17,764 INFO 64834 [egg-security] use nosniff middleware
2022-03-25 17:51:17,765 INFO 64834 [egg-security] use xssProtection middleware
2022-03-25 17:51:17,765 INFO 64834 [egg-security] use xframe middleware
2022-03-25 17:51:17,765 INFO 64834 [egg-security] use dta middleware
2022-03-25 17:51:17,765 INFO 64834 [egg-security] compose 7 middlewares into one security middleware
2022-03-25 17:51:17,774 INFO 64834 [egg:core] dump config after load, 6ms
2022-03-25 17:51:17,786 INFO 64834 [egg-watcher:application] watcher start success
2022-03-25 17:51:17,793 INFO 64834 [egg:core] dump config after ready, 5ms
2022-03-25 17:52:36,180 INFO 64848 [egg:logger] init all loggers with options: {"dir":"/Users/xiezhengyun/Documents/work/my-project/egg-example/logs/egg-demo","encoding":"utf8","env":"local","level":"INFO","consoleLevel":"INFO","disableConsoleAfterReady":false,"outputJSON":false,"buffer":true,"appLogName":"egg-demo-web.log","coreLogName":"egg-web.log","agentLogName":"egg-agent.log","errorLogName":"common-error.log","coreLogger":{"consoleLevel":"WARN"},"allowDebugAtProd":false,"enablePerformanceTimer":false,"type":"application"}
2022-03-25 17:52:36,202 INFO 64848 [egg-multipart] stream mode enable
2022-03-25 17:52:36,260 INFO 64848 [egg-static] starting static serve /public/ -> /Users/xiezhengyun/Documents/work/my-project/egg-example/app/public
2022-03-25 17:52:36,261 INFO 64848 [egg-security] use csrf middleware
2022-03-25 17:52:36,262 INFO 64848 [egg-security] use methodnoallow middleware
2022-03-25 17:52:36,263 INFO 64848 [egg-security] use noopen middleware
2022-03-25 17:52:36,263 INFO 64848 [egg-security] use nosniff middleware
2022-03-25 17:52:36,264 INFO 64848 [egg-security] use xssProtection middleware
2022-03-25 17:52:36,264 INFO 64848 [egg-security] use xframe middleware
2022-03-25 17:52:36,264 INFO 64848 [egg-security] use dta middleware
2022-03-25 17:52:36,264 INFO 64848 [egg-security] compose 7 middlewares into one security middleware
2022-03-25 17:52:36,273 INFO 64848 [egg:core] dump config after load, 5ms
2022-03-25 17:52:36,283 INFO 64848 [egg-watcher:application] watcher start success
2022-03-25 17:52:36,291 INFO 64848 [egg:core] dump config after ready, 5ms
2022-03-25 17:52:41,304 INFO 64857 [egg:logger] init all loggers with options: {"dir":"/Users/xiezhengyun/Documents/work/my-project/egg-example/logs/egg-demo","encoding":"utf8","env":"local","level":"INFO","consoleLevel":"INFO","disableConsoleAfterReady":false,"outputJSON":false,"buffer":true,"appLogName":"egg-demo-web.log","coreLogName":"egg-web.log","agentLogName":"egg-agent.log","errorLogName":"common-error.log","coreLogger":{"consoleLevel":"WARN"},"allowDebugAtProd":false,"enablePerformanceTimer":false,"type":"application"}
2022-03-25 17:52:41,332 INFO 64857 [egg-multipart] stream mode enable
2022-03-25 17:52:41,416 INFO 64857 [egg-static] starting static serve /public/ -> /Users/xiezhengyun/Documents/work/my-project/egg-example/app/public
2022-03-25 17:52:41,418 INFO 64857 [egg-security] use csrf middleware
2022-03-25 17:52:41,419 INFO 64857 [egg-security] use methodnoallow middleware
2022-03-25 17:52:41,420 INFO 64857 [egg-security] use noopen middleware
2022-03-25 17:52:41,420 INFO 64857 [egg-security] use nosniff middleware
2022-03-25 17:52:41,421 INFO 64857 [egg-security] use xssProtection middleware
2022-03-25 17:52:41,421 INFO 64857 [egg-security] use xframe middleware
2022-03-25 17:52:41,422 INFO 64857 [egg-security] use dta middleware
2022-03-25 17:52:41,422 INFO 64857 [egg-security] compose 7 middlewares into one security middleware
2022-03-25 17:52:41,431 INFO 64857 [egg:core] dump config after load, 4ms
2022-03-25 17:52:41,444 INFO 64857 [egg-watcher:application] watcher start success
2022-03-25 17:52:41,450 INFO 64857 [egg:core] dump config after ready, 4ms
2022-03-25 17:52:55,608 INFO 64867 [egg:logger] init all loggers with options: {"dir":"/Users/xiezhengyun/Documents/work/my-project/egg-example/logs/egg-demo","encoding":"utf8","env":"local","level":"INFO","consoleLevel":"INFO","disableConsoleAfterReady":false,"outputJSON":false,"buffer":true,"appLogName":"egg-demo-web.log","coreLogName":"egg-web.log","agentLogName":"egg-agent.log","errorLogName":"common-error.log","coreLogger":{"consoleLevel":"WARN"},"allowDebugAtProd":false,"enablePerformanceTimer":false,"type":"application"}
2022-03-25 17:52:55,627 INFO 64867 [egg-multipart] stream mode enable
2022-03-25 17:52:55,700 INFO 64867 [egg-static] starting static serve /public/ -> /Users/xiezhengyun/Documents/work/my-project/egg-example/app/public
2022-03-25 17:52:55,703 INFO 64867 [egg-security] use csrf middleware
2022-03-25 17:52:55,704 INFO 64867 [egg-security] use methodnoallow middleware
2022-03-25 17:52:55,705 INFO 64867 [egg-security] use noopen middleware
2022-03-25 17:52:55,706 INFO 64867 [egg-security] use nosniff middleware
2022-03-25 17:52:55,706 INFO 64867 [egg-security] use xssProtection middleware
2022-03-25 17:52:55,707 INFO 64867 [egg-security] use xframe middleware
2022-03-25 17:52:55,707 INFO 64867 [egg-security] use dta middleware
2022-03-25 17:52:55,707 INFO 64867 [egg-security] compose 7 middlewares into one security middleware
2022-03-25 17:52:55,716 INFO 64867 [egg:core] dump config after load, 5ms
2022-03-25 17:52:55,727 INFO 64867 [egg-watcher:application] watcher start success
2022-03-25 17:52:55,733 INFO 64867 [egg:core] dump config after ready, 5ms
2022-03-25 17:52:58,660 INFO 64870 [egg:logger] init all loggers with options: {"dir":"/Users/xiezhengyun/Documents/work/my-project/egg-example/logs/egg-demo","encoding":"utf8","env":"local","level":"INFO","consoleLevel":"INFO","disableConsoleAfterReady":false,"outputJSON":false,"buffer":true,"appLogName":"egg-demo-web.log","coreLogName":"egg-web.log","agentLogName":"egg-agent.log","errorLogName":"common-error.log","coreLogger":{"consoleLevel":"WARN"},"allowDebugAtProd":false,"enablePerformanceTimer":false,"type":"application"}
2022-03-25 17:52:58,678 INFO 64870 [egg-multipart] stream mode enable
2022-03-25 17:52:58,766 INFO 64870 [egg-static] starting static serve /public/ -> /Users/xiezhengyun/Documents/work/my-project/egg-example/app/public
2022-03-25 17:52:58,770 INFO 64870 [egg-security] use csrf middleware
2022-03-25 17:52:58,770 INFO 64870 [egg-security] use methodnoallow middleware
2022-03-25 17:52:58,771 INFO 64870 [egg-security] use noopen middleware
2022-03-25 17:52:58,771 INFO 64870 [egg-security] use nosniff middleware
2022-03-25 17:52:58,772 INFO 64870 [egg-security] use xssProtection middleware
2022-03-25 17:52:58,772 INFO 64870 [egg-security] use xframe middleware
2022-03-25 17:52:58,772 INFO 64870 [egg-security] use dta middleware
2022-03-25 17:52:58,772 INFO 64870 [egg-security] compose 7 middlewares into one security middleware
2022-03-25 17:52:58,780 INFO 64870 [egg:core] dump config after load, 4ms
2022-03-25 17:52:58,792 INFO 64870 [egg-watcher:application] watcher start success
2022-03-25 17:52:58,798 INFO 64870 [egg:core] dump config after ready, 4ms
2022-03-25 17:53:03,549 INFO 64871 [egg:logger] init all loggers with options: {"dir":"/Users/xiezhengyun/Documents/work/my-project/egg-example/logs/egg-demo","encoding":"utf8","env":"local","level":"INFO","consoleLevel":"INFO","disableConsoleAfterReady":false,"outputJSON":false,"buffer":true,"appLogName":"egg-demo-web.log","coreLogName":"egg-web.log","agentLogName":"egg-agent.log","errorLogName":"common-error.log","coreLogger":{"consoleLevel":"WARN"},"allowDebugAtProd":false,"enablePerformanceTimer":false,"type":"application"}
2022-03-25 17:53:03,573 INFO 64871 [egg-multipart] stream mode enable
2022-03-25 17:53:03,637 INFO 64871 [egg-static] starting static serve /public/ -> /Users/xiezhengyun/Documents/work/my-project/egg-example/app/public
2022-03-25 17:53:03,639 INFO 64871 [egg-security] use csrf middleware
2022-03-25 17:53:03,641 INFO 64871 [egg-security] use methodnoallow middleware
2022-03-25 17:53:03,642 INFO 64871 [egg-security] use noopen middleware
2022-03-25 17:53:03,642 INFO 64871 [egg-security] use nosniff middleware
2022-03-25 17:53:03,643 INFO 64871 [egg-security] use xssProtection middleware
2022-03-25 17:53:03,643 INFO 64871 [egg-security] use xframe middleware
2022-03-25 17:53:03,643 INFO 64871 [egg-security] use dta middleware
2022-03-25 17:53:03,643 INFO 64871 [egg-security] compose 7 middlewares into one security middleware
2022-03-25 17:53:03,651 INFO 64871 [egg:core] dump config after load, 5ms
2022-03-25 17:53:03,662 INFO 64871 [egg-watcher:application] watcher start success
2022-03-25 17:53:03,668 INFO 64871 [egg:core] dump config after ready, 4ms
2022-03-25 17:59:29,312 INFO 65129 [egg:logger] init all loggers with options: {"dir":"/Users/xiezhengyun/Documents/work/my-project/egg-demo/logs/egg-demo","encoding":"utf8","env":"local","level":"INFO","consoleLevel":"INFO","disableConsoleAfterReady":false,"outputJSON":false,"buffer":true,"appLogName":"egg-demo-web.log","coreLogName":"egg-web.log","agentLogName":"egg-agent.log","errorLogName":"common-error.log","coreLogger":{"consoleLevel":"WARN"},"allowDebugAtProd":false,"enablePerformanceTimer":false,"type":"application"}
2022-03-25 17:59:29,335 INFO 65129 [egg-multipart] stream mode enable
2022-03-25 17:59:29,449 INFO 65129 [egg-static] starting static serve /public/ -> /Users/xiezhengyun/Documents/work/my-project/egg-demo/app/public
2022-03-25 17:59:29,452 INFO 65129 [egg-security] use csrf middleware
2022-03-25 17:59:29,453 INFO 65129 [egg-security] use methodnoallow middleware
2022-03-25 17:59:29,454 INFO 65129 [egg-security] use noopen middleware
2022-03-25 17:59:29,454 INFO 65129 [egg-security] use nosniff middleware
2022-03-25 17:59:29,454 INFO 65129 [egg-security] use xssProtection middleware
2022-03-25 17:59:29,455 INFO 65129 [egg-security] use xframe middleware
2022-03-25 17:59:29,456 INFO 65129 [egg-security] use dta middleware
2022-03-25 17:59:29,456 INFO 65129 [egg-security] compose 7 middlewares into one security middleware
2022-03-25 17:59:29,463 INFO 65129 [egg:core] dump config after load, 3ms
2022-03-25 17:59:29,476 INFO 65129 [egg-watcher:application] watcher start success
2022-03-25 17:59:29,482 INFO 65129 [egg:core] dump config after ready, 4ms
